2023-11-05 22:57:10,382 - logger.py - INFO 
+----------------+--------------------------------------------+
|      para      |                   value                    |
+----------------+--------------------------------------------+
|   model_name   |                    v4.1                    |
|  description   |         采样频率=48,修改hampel位置         |
| model_save_dir | /server19/lmj/github/wifi_localization/run |
|      seed      |                    2023                    |
|     epoch      |                     7                      |
|      lr_f      |                   0.0003                   |
|     lr_min     |                   0.0002                   |
|   multiplier   |                     1                      |
|  warmup_epoch  |                     1                      |
|   grad_clip    |                     5                      |
|  window_size   |                    128                     |
|     stride     |                     2                      |
+----------------+--------------------------------------------+

2023-11-05 23:18:06,977 - train.py - INFO 
Trainable params num : 9137459

2023-11-05 23:18:28,394 - logger.py - DEBUG 
+-------+---------------+-------------------------+-------------------------+--------------------+--------------------+--------------------+--------------------+
| epoch | learning rate |        train loss       |         val loss        |    score_manned    |   score_numhuman   |       score        |     best_score     |
+-------+---------------+-------------------------+-------------------------+--------------------+--------------------+--------------------+--------------------+
|   1   |     0.0003    | 6.6322e-01 (9.8689e-01) | 4.0193e-01 (7.1953e-01) | 0.8821197660098522 | 0.7153290914066777 | 0.8487616310892174 | 0.8487616310892174 |
+-------+---------------+-------------------------+-------------------------+--------------------+--------------------+--------------------+--------------------+

2023-11-05 23:18:48,499 - logger.py - DEBUG 
+-------+---------------+-------------------------+-------------------------+--------------------+--------------------+--------------------+--------------------+
| epoch | learning rate |        train loss       |         val loss        |    score_manned    |   score_numhuman   |       score        |     best_score     |
+-------+---------------+-------------------------+-------------------------+--------------------+--------------------+--------------------+--------------------+
|   2   |     0.0003    | 5.1937e-01 (6.0379e-01) | 3.6654e-01 (4.7806e-01) | 0.9335916119321291 | 0.8767532156540777 | 0.9222239326765189 | 0.9222239326765189 |
+-------+---------------+-------------------------+-------------------------+--------------------+--------------------+--------------------+--------------------+

2023-11-05 23:19:08,620 - logger.py - DEBUG 
+-------+---------------+-------------------------+-------------------------+--------------------+--------------------+--------------------+--------------------+
| epoch | learning rate |        train loss       |         val loss        |    score_manned    |   score_numhuman   |       score        |     best_score     |
+-------+---------------+-------------------------+-------------------------+--------------------+--------------------+--------------------+--------------------+
|   3   |     0.0003    | 4.5798e-01 (4.5783e-01) | 4.7766e-01 (3.9184e-01) | 0.9752219314449918 | 0.9424303845101258 | 0.9686636220580187 | 0.9686636220580187 |
+-------+---------------+-------------------------+-------------------------+--------------------+--------------------+--------------------+--------------------+

2023-11-05 23:19:28,551 - logger.py - DEBUG 
+-------+-----------------------+-------------------------+-------------------------+--------------------+--------------------+--------------------+--------------------+
| epoch |     learning rate     |        train loss       |         val loss        |    score_manned    |   score_numhuman   |       score        |     best_score     |
+-------+-----------------------+-------------------------+-------------------------+--------------------+--------------------+--------------------+--------------------+
|   4   | 0.0002950484433951209 | 3.7368e-01 (3.9975e-01) | 3.3117e-01 (3.4306e-01) | 0.9896603037766831 | 0.9787818144499179 | 0.9874846059113301 | 0.9874846059113301 |
+-------+-----------------------+-------------------------+-------------------------+--------------------+--------------------+--------------------+--------------------+

2023-11-05 23:19:48,646 - logger.py - DEBUG 
+-------+------------------------+-------------------------+-------------------------+--------------------+--------------------+--------------------+--------------------+
| epoch |     learning rate      |        train loss       |         val loss        |    score_manned    |   score_numhuman   |       score        |     best_score     |
+-------+------------------------+-------------------------+-------------------------+--------------------+--------------------+--------------------+--------------------+
|   5   | 0.00028117449009293664 | 3.4437e-01 (3.5555e-01) | 3.2418e-01 (3.3154e-01) | 0.9920356971811713 | 0.9878429460864806 | 0.9911971469622333 | 0.9911971469622333 |
+-------+------------------------+-------------------------+-------------------------+--------------------+--------------------+--------------------+--------------------+

2023-11-05 23:20:10,044 - logger.py - DEBUG 
+-------+-----------------------+-------------------------+-------------------------+--------------------+--------------------+--------------------+--------------------+
| epoch |     learning rate     |        train loss       |         val loss        |    score_manned    |   score_numhuman   |       score        |     best_score     |
+-------+-----------------------+-------------------------+-------------------------+--------------------+--------------------+--------------------+--------------------+
|   6   | 0.0002611260466978157 | 3.3904e-01 (3.4024e-01) | 3.1609e-01 (3.2168e-01) | 0.9971114703065134 | 0.9948921558565955 | 0.9966676074165298 | 0.9966676074165298 |
+-------+-----------------------+-------------------------+-------------------------+--------------------+--------------------+--------------------+--------------------+

2023-11-05 23:20:29,995 - logger.py - DEBUG 
+-------+------------------------+-------------------------+-------------------------+--------------------+--------------------+--------------------+--------------------+
| epoch |     learning rate      |        train loss       |         val loss        |    score_manned    |   score_numhuman   |       score        |     best_score     |
+-------+------------------------+-------------------------+-------------------------+--------------------+--------------------+--------------------+--------------------+
|   7   | 0.00023887395330218428 | 3.3768e-01 (3.3418e-01) | 3.1625e-01 (3.2159e-01) | 0.9968891112479474 | 0.9940198241652983 | 0.9963152538314177 | 0.9966676074165298 |
+-------+------------------------+-------------------------+-------------------------+--------------------+--------------------+--------------------+--------------------+

