除以标准差

2023-11-03 00:25:25,022 - logger.py - INFO 
+----------------+--------------------------------------------+
|      para      |                   value                    |
+----------------+--------------------------------------------+
|   model_name   |                    v3.4                    |
| model_save_dir | /server19/lmj/github/wifi_localization/run |
|      seed      |                    2023                    |
|     epoch      |                     7                      |
|      lr_f      |                   0.0003                   |
|     lr_min     |                   0.0002                   |
|   multiplier   |                     1                      |
|  warmup_epoch  |                     1                      |
|   grad_clip    |                     5                      |
|  window_size   |                    128                     |
|     stride     |                     2                      |
+----------------+--------------------------------------------+

2023-11-03 00:36:42,035 - train.py - INFO 
Trainable params num : 9133619

2023-11-03 00:36:59,993 - logger.py - DEBUG 
+-------+---------------+-------------------------+-------------------------+--------------------+--------------------+--------------------+--------------------+
| epoch | learning rate |        train loss       |         val loss        |    score_manned    |   score_numhuman   |       score        |     best_score     |
+-------+---------------+-------------------------+-------------------------+--------------------+--------------------+--------------------+--------------------+
|   1   |     0.0003    | 5.4182e-01 (6.6712e-01) | 7.1574e-01 (5.7283e-01) | 0.8340086955220306 | 0.8944713840996169 | 0.8461012332375479 | 0.8461012332375479 |
+-------+---------------+-------------------------+-------------------------+--------------------+--------------------+--------------------+--------------------+

2023-11-03 00:37:17,097 - logger.py - DEBUG 
+-------+---------------+-------------------------+-------------------------+--------------------+--------------------+--------------------+--------------------+
| epoch | learning rate |        train loss       |         val loss        |    score_manned    |   score_numhuman   |       score        |     best_score     |
+-------+---------------+-------------------------+-------------------------+--------------------+--------------------+--------------------+--------------------+
|   2   |     0.0003    | 4.9015e-01 (5.4093e-01) | 6.4222e-01 (5.5643e-01) | 0.8340086955220306 | 0.9103171396072797 | 0.8492703843390804 | 0.8492703843390804 |
+-------+---------------+-------------------------+-------------------------+--------------------+--------------------+--------------------+--------------------+

2023-11-03 00:37:34,215 - logger.py - DEBUG 
+-------+---------------+-------------------------+-------------------------+--------------------+--------------------+--------------------+--------------------+
| epoch | learning rate |        train loss       |         val loss        |    score_manned    |   score_numhuman   |       score        |     best_score     |
+-------+---------------+-------------------------+-------------------------+--------------------+--------------------+--------------------+--------------------+
|   3   |     0.0003    | 4.6788e-01 (5.0893e-01) | 5.7640e-01 (4.8300e-01) | 0.8340086955220306 | 0.9795071539750958 | 0.8631083872126437 | 0.8631083872126437 |
+-------+---------------+-------------------------+-------------------------+--------------------+--------------------+--------------------+--------------------+

2023-11-03 00:37:53,167 - logger.py - DEBUG 
+-------+-----------------------+-------------------------+-------------------------+--------------------+--------------------+--------------------+--------------------+
| epoch |     learning rate     |        train loss       |         val loss        |    score_manned    |   score_numhuman   |       score        |     best_score     |
+-------+-----------------------+-------------------------+-------------------------+--------------------+--------------------+--------------------+--------------------+
|   4   | 0.0002950484433951209 | 3.5089e-01 (3.8891e-01) | 3.6862e-01 (3.6702e-01) | 0.9753951149425287 | 0.9664900622605364 | 0.9736141044061304 | 0.9736141044061304 |
+-------+-----------------------+-------------------------+-------------------------+--------------------+--------------------+--------------------+--------------------+

2023-11-03 00:38:09,205 - logger.py - DEBUG 
+-------+------------------------+-------------------------+-------------------------+--------------------+--------------------+--------------------+--------------------+
| epoch |     learning rate      |        train loss       |         val loss        |    score_manned    |   score_numhuman   |       score        |     best_score     |
+-------+------------------------+-------------------------+-------------------------+--------------------+--------------------+--------------------+--------------------+
|   5   | 0.00028117449009293664 | 3.6615e-01 (3.5972e-01) | 4.4434e-01 (4.2495e-01) | 0.9510502723898467 | 0.9283124551005747 | 0.9465027089319924 | 0.9736141044061304 |
+-------+------------------------+-------------------------+-------------------------+--------------------+--------------------+--------------------+--------------------+

2023-11-03 00:38:25,213 - logger.py - DEBUG 
+-------+-----------------------+-------------------------+-------------------------+--------------------+--------------------+--------------------+--------------------+
| epoch |     learning rate     |        train loss       |         val loss        |    score_manned    |   score_numhuman   |       score        |     best_score     |
+-------+-----------------------+-------------------------+-------------------------+--------------------+--------------------+--------------------+--------------------+
|   6   | 0.0002611260466978157 | 3.2658e-01 (3.5002e-01) | 3.3785e-01 (3.4784e-01) | 0.9847996737308429 | 0.9768562170737548 | 0.9832109823994253 | 0.9832109823994253 |
+-------+-----------------------+-------------------------+-------------------------+--------------------+--------------------+--------------------+--------------------+

2023-11-03 00:38:42,224 - logger.py - DEBUG 
+-------+------------------------+-------------------------+-------------------------+--------------------+--------------------+--------------------+--------------------+
| epoch |     learning rate      |        train loss       |         val loss        |    score_manned    |   score_numhuman   |       score        |     best_score     |
+-------+------------------------+-------------------------+-------------------------+--------------------+--------------------+--------------------+--------------------+
|   7   | 0.00023887395330218428 | 3.2235e-01 (3.3831e-01) | 3.6857e-01 (3.3429e-01) | 0.9900061362547893 | 0.9869193007662835 | 0.9893887691570882 | 0.9893887691570882 |
+-------+------------------------+-------------------------+-------------------------+--------------------+--------------------+--------------------+--------------------+

